<?xml version="1.0" encoding="UTF-8"?>
<coverage generated="1683541161433" clover="3.2.0">
  <project timestamp="1683541161433" name="All files">
    <metrics statements="39" coveredstatements="39" conditionals="5" coveredconditionals="5" methods="18" coveredmethods="18" elements="62" coveredelements="62" complexity="0" loc="39" ncloc="39" packages="1" files="1" classes="1"/>
    <file name="RxStorage.ts" path="/home/kris/Work/rx-storage/src/RxStorage.ts">
      <metrics statements="39" coveredstatements="39" conditionals="5" coveredconditionals="5" methods="18" coveredmethods="18"/>
      <line num="1" count="1" type="stmt"/>
      <line num="10" count="1" type="stmt"/>
      <line num="11" count="9" type="stmt"/>
      <line num="23" count="9" type="stmt"/>
      <line num="24" count="9" type="stmt"/>
      <line num="27" count="9" type="stmt"/>
      <line num="28" count="18" type="stmt"/>
      <line num="31" count="9" type="stmt"/>
      <line num="38" count="9" type="stmt"/>
      <line num="39" count="9" type="stmt"/>
      <line num="40" count="9" type="stmt"/>
      <line num="41" count="9" type="stmt"/>
      <line num="56" count="11" type="cond" truecount="2" falsecount="0"/>
      <line num="57" count="11" type="stmt"/>
      <line num="58" count="11" type="stmt"/>
      <line num="60" count="11" type="stmt"/>
      <line num="65" count="11" type="stmt"/>
      <line num="66" count="18" type="stmt"/>
      <line num="68" count="18" type="stmt"/>
      <line num="71" count="11" type="stmt"/>
      <line num="72" count="11" type="stmt"/>
      <line num="79" count="20" type="stmt"/>
      <line num="83" count="1" type="stmt"/>
      <line num="84" count="1" type="stmt"/>
      <line num="88" count="2" type="stmt"/>
      <line num="89" count="2" type="stmt"/>
      <line num="93" count="5" type="stmt"/>
      <line num="94" count="5" type="stmt"/>
      <line num="98" count="1" type="stmt"/>
      <line num="99" count="1" type="stmt"/>
      <line num="103" count="1" type="stmt"/>
      <line num="119" count="13" type="cond" truecount="2" falsecount="0"/>
      <line num="120" count="11" type="stmt"/>
      <line num="122" count="2" type="stmt"/>
      <line num="133" count="19" type="stmt"/>
      <line num="140" count="1" type="stmt"/>
      <line num="151" count="10" type="cond" truecount="1" falsecount="0"/>
      <line num="152" count="3" type="stmt"/>
      <line num="155" count="10" type="stmt"/>
    </file>
  </project>
</coverage>
