<?xml version="1.0" encoding="UTF-8"?>
<coverage generated="1683552947388" clover="3.2.0">
  <project timestamp="1683552947388" name="All files">
    <metrics statements="37" coveredstatements="37" conditionals="5" coveredconditionals="5" methods="18" coveredmethods="18" elements="60" coveredelements="60" complexity="0" loc="37" ncloc="37" packages="1" files="1" classes="1"/>
    <file name="RxStorage.ts" path="/home/kris/Work/rx-storage/src/RxStorage.ts">
      <metrics statements="37" coveredstatements="37" conditionals="5" coveredconditionals="5" methods="18" coveredmethods="18"/>
      <line num="1" count="1" type="stmt"/>
      <line num="10" count="1" type="stmt"/>
      <line num="11" count="9" type="stmt"/>
      <line num="23" count="9" type="stmt"/>
      <line num="24" count="9" type="stmt"/>
      <line num="27" count="9" type="stmt"/>
      <line num="28" count="18" type="stmt"/>
      <line num="31" count="9" type="stmt"/>
      <line num="39" count="9" type="stmt"/>
      <line num="40" count="9" type="stmt"/>
      <line num="55" count="11" type="cond" truecount="2" falsecount="0"/>
      <line num="56" count="11" type="stmt"/>
      <line num="57" count="11" type="stmt"/>
      <line num="62" count="11" type="stmt"/>
      <line num="63" count="18" type="stmt"/>
      <line num="65" count="18" type="stmt"/>
      <line num="68" count="11" type="stmt"/>
      <line num="69" count="11" type="stmt"/>
      <line num="76" count="20" type="stmt"/>
      <line num="80" count="1" type="stmt"/>
      <line num="81" count="1" type="stmt"/>
      <line num="85" count="2" type="stmt"/>
      <line num="86" count="2" type="stmt"/>
      <line num="90" count="5" type="stmt"/>
      <line num="91" count="5" type="stmt"/>
      <line num="93" count="5" type="stmt"/>
      <line num="97" count="1" type="stmt"/>
      <line num="98" count="1" type="stmt"/>
      <line num="102" count="1" type="stmt"/>
      <line num="118" count="13" type="cond" truecount="2" falsecount="0"/>
      <line num="119" count="11" type="stmt"/>
      <line num="121" count="2" type="stmt"/>
      <line num="132" count="19" type="stmt"/>
      <line num="139" count="1" type="stmt"/>
      <line num="150" count="10" type="cond" truecount="1" falsecount="0"/>
      <line num="151" count="3" type="stmt"/>
      <line num="154" count="10" type="stmt"/>
    </file>
  </project>
</coverage>
