{"/home/kris/Work/rx-storage/src/RxStorage.ts": {"path":"/home/kris/Work/rx-storage/src/RxStorage.ts","statementMap":{"0":{"start":{"line":1,"column":0},"end":{"line":1,"column":51}},"1":{"start":{"line":11,"column":14},"end":{"line":11,"column":63}},"2":{"start":{"line":23,"column":22},"end":{"line":23,"column":38}},"3":{"start":{"line":24,"column":4},"end":{"line":24,"column":18}},"4":{"start":{"line":27,"column":4},"end":{"line":29,"column":6}},"5":{"start":{"line":28,"column":52},"end":{"line":28,"column":85}},"6":{"start":{"line":31,"column":4},"end":{"line":31,"column":16}},"7":{"start":{"line":39,"column":4},"end":{"line":41,"column":7}},"8":{"start":{"line":40,"column":6},"end":{"line":40,"column":31}},"9":{"start":{"line":55,"column":18},"end":{"line":55,"column":41}},"10":{"start":{"line":56,"column":17},"end":{"line":56,"column":35}},"11":{"start":{"line":57,"column":20},"end":{"line":57,"column":38}},"12":{"start":{"line":62,"column":4},"end":{"line":66,"column":9}},"13":{"start":{"line":63,"column":23},"end":{"line":63,"column":42}},"14":{"start":{"line":65,"column":8},"end":{"line":65,"column":30}},"15":{"start":{"line":68,"column":4},"end":{"line":70,"column":7}},"16":{"start":{"line":69,"column":6},"end":{"line":69,"column":32}},"17":{"start":{"line":76,"column":4},"end":{"line":76,"column":23}},"18":{"start":{"line":80,"column":4},"end":{"line":80,"column":18}},"19":{"start":{"line":81,"column":4},"end":{"line":81,"column":25}},"20":{"start":{"line":85,"column":4},"end":{"line":85,"column":37}},"21":{"start":{"line":86,"column":4},"end":{"line":86,"column":30}},"22":{"start":{"line":90,"column":17},"end":{"line":90,"column":42}},"23":{"start":{"line":91,"column":4},"end":{"line":91,"column":23}},"24":{"start":{"line":93,"column":4},"end":{"line":93,"column":16}},"25":{"start":{"line":97,"column":4},"end":{"line":97,"column":33}},"26":{"start":{"line":98,"column":4},"end":{"line":98,"column":26}},"27":{"start":{"line":102,"column":4},"end":{"line":102,"column":31}},"28":{"start":{"line":118,"column":4},"end":{"line":122,"column":null}},"29":{"start":{"line":119,"column":6},"end":{"line":119,"column":65}},"30":{"start":{"line":121,"column":6},"end":{"line":121,"column":35}},"31":{"start":{"line":132,"column":4},"end":{"line":132,"column":23}},"32":{"start":{"line":139,"column":4},"end":{"line":139,"column":63}},"33":{"start":{"line":150,"column":4},"end":{"line":152,"column":null}},"34":{"start":{"line":151,"column":6},"end":{"line":151,"column":64}},"35":{"start":{"line":154,"column":4},"end":{"line":154,"column":43}},"36":{"start":{"line":10,"column":0},"end":{"line":10,"column":13}}},"fnMap":{"0":{"name":"(anonymous_0)","decl":{"start":{"line":23,"column":2},"end":{"line":23,"column":22}},"loc":{"start":{"line":23,"column":38},"end":{"line":32,"column":3}}},"1":{"name":"(anonymous_1)","decl":{"start":{"line":28,"column":34},"end":{"line":28,"column":35}},"loc":{"start":{"line":28,"column":52},"end":{"line":28,"column":85}}},"2":{"name":"(anonymous_2)","decl":{"start":{"line":38,"column":10},"end":{"line":38,"column":16}},"loc":{"start":{"line":38,"column":16},"end":{"line":42,"column":3}}},"3":{"name":"(anonymous_3)","decl":{"start":{"line":39,"column":39},"end":{"line":39,"column":40}},"loc":{"start":{"line":39,"column":45},"end":{"line":41,"column":5}}},"4":{"name":"(anonymous_4)","decl":{"start":{"line":54,"column":9},"end":{"line":54,"column":13}},"loc":{"start":{"line":54,"column":38},"end":{"line":71,"column":3}}},"5":{"name":"(anonymous_5)","decl":{"start":{"line":63,"column":14},"end":{"line":63,"column":15}},"loc":{"start":{"line":63,"column":23},"end":{"line":63,"column":42}}},"6":{"name":"(anonymous_6)","decl":{"start":{"line":64,"column":15},"end":{"line":64,"column":16}},"loc":{"start":{"line":64,"column":23},"end":{"line":66,"column":7}}},"7":{"name":"(anonymous_7)","decl":{"start":{"line":68,"column":34},"end":{"line":68,"column":35}},"loc":{"start":{"line":68,"column":51},"end":{"line":70,"column":5}}},"8":{"name":"(anonymous_8)","decl":{"start":{"line":75,"column":2},"end":{"line":75,"column":6}},"loc":{"start":{"line":75,"column":12},"end":{"line":77,"column":3}}},"9":{"name":"(anonymous_9)","decl":{"start":{"line":79,"column":9},"end":{"line":79,"column":14}},"loc":{"start":{"line":79,"column":14},"end":{"line":82,"column":3}}},"10":{"name":"(anonymous_10)","decl":{"start":{"line":84,"column":9},"end":{"line":84,"column":16}},"loc":{"start":{"line":84,"column":43},"end":{"line":87,"column":3}}},"11":{"name":"(anonymous_11)","decl":{"start":{"line":89,"column":9},"end":{"line":89,"column":16}},"loc":{"start":{"line":89,"column":28},"end":{"line":94,"column":3}}},"12":{"name":"(anonymous_12)","decl":{"start":{"line":96,"column":9},"end":{"line":96,"column":19}},"loc":{"start":{"line":96,"column":31},"end":{"line":99,"column":3}}},"13":{"name":"(anonymous_13)","decl":{"start":{"line":101,"column":9},"end":{"line":101,"column":12}},"loc":{"start":{"line":101,"column":22},"end":{"line":103,"column":3}}},"14":{"name":"(anonymous_14)","decl":{"start":{"line":117,"column":10},"end":{"line":117,"column":18}},"loc":{"start":{"line":117,"column":45},"end":{"line":123,"column":3}}},"15":{"name":"(anonymous_15)","decl":{"start":{"line":131,"column":10},"end":{"line":131,"column":21}},"loc":{"start":{"line":131,"column":33},"end":{"line":133,"column":3}}},"16":{"name":"(anonymous_16)","decl":{"start":{"line":138,"column":10},"end":{"line":138,"column":16}},"loc":{"start":{"line":138,"column":16},"end":{"line":140,"column":3}}},"17":{"name":"(anonymous_17)","decl":{"start":{"line":149,"column":9},"end":{"line":149,"column":17}},"loc":{"start":{"line":149,"column":29},"end":{"line":155,"column":3}}}},"branchMap":{"0":{"loc":{"start":{"line":55,"column":18},"end":{"line":55,"column":41}},"type":"binary-expr","locations":[{"start":{"line":55,"column":18},"end":{"line":55,"column":25}},{"start":{"line":55,"column":29},"end":{"line":55,"column":41}}]},"1":{"loc":{"start":{"line":118,"column":4},"end":{"line":122,"column":null}},"type":"if","locations":[{"start":{"line":118,"column":4},"end":{"line":122,"column":null}},{"start":{"line":120,"column":11},"end":{"line":122,"column":null}}]},"2":{"loc":{"start":{"line":150,"column":4},"end":{"line":152,"column":null}},"type":"if","locations":[{"start":{"line":150,"column":4},"end":{"line":152,"column":null}}]}},"s":{"0":1,"1":9,"2":9,"3":9,"4":9,"5":18,"6":9,"7":9,"8":9,"9":11,"10":11,"11":11,"12":11,"13":18,"14":18,"15":11,"16":11,"17":20,"18":1,"19":1,"20":2,"21":2,"22":5,"23":5,"24":5,"25":1,"26":1,"27":1,"28":13,"29":11,"30":2,"31":19,"32":1,"33":10,"34":3,"35":10,"36":1},"f":{"0":9,"1":18,"2":9,"3":9,"4":11,"5":18,"6":18,"7":11,"8":20,"9":1,"10":2,"11":5,"12":1,"13":1,"14":13,"15":19,"16":1,"17":10},"b":{"0":[11,1],"1":[11,2],"2":[3]}}
}
