{"/home/kris/Work/rx-storage/src/RxStorage.ts": {"path":"/home/kris/Work/rx-storage/src/RxStorage.ts","statementMap":{"0":{"start":{"line":1,"column":0},"end":{"line":1,"column":51}},"1":{"start":{"line":11,"column":14},"end":{"line":11,"column":63}},"2":{"start":{"line":23,"column":22},"end":{"line":23,"column":38}},"3":{"start":{"line":24,"column":4},"end":{"line":24,"column":18}},"4":{"start":{"line":27,"column":4},"end":{"line":29,"column":6}},"5":{"start":{"line":28,"column":52},"end":{"line":28,"column":85}},"6":{"start":{"line":31,"column":4},"end":{"line":31,"column":16}},"7":{"start":{"line":38,"column":19},"end":{"line":43,"column":3}},"8":{"start":{"line":39,"column":4},"end":{"line":42,"column":7}},"9":{"start":{"line":40,"column":6},"end":{"line":40,"column":25}},"10":{"start":{"line":41,"column":6},"end":{"line":41,"column":31}},"11":{"start":{"line":56,"column":18},"end":{"line":56,"column":41}},"12":{"start":{"line":57,"column":17},"end":{"line":57,"column":35}},"13":{"start":{"line":58,"column":20},"end":{"line":58,"column":38}},"14":{"start":{"line":60,"column":4},"end":{"line":60,"column":30}},"15":{"start":{"line":65,"column":4},"end":{"line":69,"column":9}},"16":{"start":{"line":66,"column":23},"end":{"line":66,"column":42}},"17":{"start":{"line":68,"column":8},"end":{"line":68,"column":30}},"18":{"start":{"line":71,"column":4},"end":{"line":73,"column":7}},"19":{"start":{"line":72,"column":6},"end":{"line":72,"column":32}},"20":{"start":{"line":79,"column":4},"end":{"line":79,"column":23}},"21":{"start":{"line":83,"column":4},"end":{"line":83,"column":18}},"22":{"start":{"line":84,"column":4},"end":{"line":84,"column":25}},"23":{"start":{"line":88,"column":4},"end":{"line":88,"column":30}},"24":{"start":{"line":89,"column":4},"end":{"line":89,"column":37}},"25":{"start":{"line":93,"column":4},"end":{"line":93,"column":23}},"26":{"start":{"line":94,"column":4},"end":{"line":94,"column":37}},"27":{"start":{"line":98,"column":4},"end":{"line":98,"column":26}},"28":{"start":{"line":99,"column":4},"end":{"line":99,"column":33}},"29":{"start":{"line":103,"column":4},"end":{"line":103,"column":31}},"30":{"start":{"line":119,"column":4},"end":{"line":123,"column":null}},"31":{"start":{"line":120,"column":6},"end":{"line":120,"column":65}},"32":{"start":{"line":122,"column":6},"end":{"line":122,"column":35}},"33":{"start":{"line":133,"column":4},"end":{"line":133,"column":23}},"34":{"start":{"line":140,"column":4},"end":{"line":140,"column":63}},"35":{"start":{"line":151,"column":4},"end":{"line":153,"column":null}},"36":{"start":{"line":152,"column":6},"end":{"line":152,"column":64}},"37":{"start":{"line":155,"column":4},"end":{"line":155,"column":43}},"38":{"start":{"line":10,"column":0},"end":{"line":10,"column":13}}},"fnMap":{"0":{"name":"(anonymous_0)","decl":{"start":{"line":23,"column":2},"end":{"line":23,"column":22}},"loc":{"start":{"line":23,"column":38},"end":{"line":32,"column":3}}},"1":{"name":"(anonymous_1)","decl":{"start":{"line":28,"column":34},"end":{"line":28,"column":35}},"loc":{"start":{"line":28,"column":52},"end":{"line":28,"column":85}}},"2":{"name":"(anonymous_2)","decl":{"start":{"line":38,"column":19},"end":{"line":38,"column":22}},"loc":{"start":{"line":38,"column":24},"end":{"line":43,"column":3}}},"3":{"name":"(anonymous_3)","decl":{"start":{"line":39,"column":39},"end":{"line":39,"column":40}},"loc":{"start":{"line":39,"column":45},"end":{"line":42,"column":5}}},"4":{"name":"(anonymous_4)","decl":{"start":{"line":55,"column":9},"end":{"line":55,"column":13}},"loc":{"start":{"line":55,"column":38},"end":{"line":74,"column":3}}},"5":{"name":"(anonymous_5)","decl":{"start":{"line":66,"column":14},"end":{"line":66,"column":15}},"loc":{"start":{"line":66,"column":23},"end":{"line":66,"column":42}}},"6":{"name":"(anonymous_6)","decl":{"start":{"line":67,"column":15},"end":{"line":67,"column":16}},"loc":{"start":{"line":67,"column":23},"end":{"line":69,"column":7}}},"7":{"name":"(anonymous_7)","decl":{"start":{"line":71,"column":34},"end":{"line":71,"column":35}},"loc":{"start":{"line":71,"column":51},"end":{"line":73,"column":5}}},"8":{"name":"(anonymous_8)","decl":{"start":{"line":78,"column":2},"end":{"line":78,"column":6}},"loc":{"start":{"line":78,"column":12},"end":{"line":80,"column":3}}},"9":{"name":"(anonymous_9)","decl":{"start":{"line":82,"column":9},"end":{"line":82,"column":14}},"loc":{"start":{"line":82,"column":14},"end":{"line":85,"column":3}}},"10":{"name":"(anonymous_10)","decl":{"start":{"line":87,"column":9},"end":{"line":87,"column":16}},"loc":{"start":{"line":87,"column":43},"end":{"line":90,"column":3}}},"11":{"name":"(anonymous_11)","decl":{"start":{"line":92,"column":9},"end":{"line":92,"column":16}},"loc":{"start":{"line":92,"column":28},"end":{"line":95,"column":3}}},"12":{"name":"(anonymous_12)","decl":{"start":{"line":97,"column":9},"end":{"line":97,"column":19}},"loc":{"start":{"line":97,"column":31},"end":{"line":100,"column":3}}},"13":{"name":"(anonymous_13)","decl":{"start":{"line":102,"column":9},"end":{"line":102,"column":12}},"loc":{"start":{"line":102,"column":22},"end":{"line":104,"column":3}}},"14":{"name":"(anonymous_14)","decl":{"start":{"line":118,"column":10},"end":{"line":118,"column":18}},"loc":{"start":{"line":118,"column":45},"end":{"line":124,"column":3}}},"15":{"name":"(anonymous_15)","decl":{"start":{"line":132,"column":10},"end":{"line":132,"column":21}},"loc":{"start":{"line":132,"column":33},"end":{"line":134,"column":3}}},"16":{"name":"(anonymous_16)","decl":{"start":{"line":139,"column":10},"end":{"line":139,"column":16}},"loc":{"start":{"line":139,"column":16},"end":{"line":141,"column":3}}},"17":{"name":"(anonymous_17)","decl":{"start":{"line":150,"column":9},"end":{"line":150,"column":17}},"loc":{"start":{"line":150,"column":29},"end":{"line":156,"column":3}}}},"branchMap":{"0":{"loc":{"start":{"line":56,"column":18},"end":{"line":56,"column":41}},"type":"binary-expr","locations":[{"start":{"line":56,"column":18},"end":{"line":56,"column":25}},{"start":{"line":56,"column":29},"end":{"line":56,"column":41}}]},"1":{"loc":{"start":{"line":119,"column":4},"end":{"line":123,"column":null}},"type":"if","locations":[{"start":{"line":119,"column":4},"end":{"line":123,"column":null}},{"start":{"line":121,"column":11},"end":{"line":123,"column":null}}]},"2":{"loc":{"start":{"line":151,"column":4},"end":{"line":153,"column":null}},"type":"if","locations":[{"start":{"line":151,"column":4},"end":{"line":153,"column":null}}]}},"s":{"0":1,"1":9,"2":9,"3":9,"4":9,"5":18,"6":9,"7":9,"8":9,"9":9,"10":9,"11":11,"12":11,"13":11,"14":11,"15":11,"16":18,"17":18,"18":11,"19":11,"20":20,"21":1,"22":1,"23":2,"24":2,"25":5,"26":5,"27":1,"28":1,"29":1,"30":13,"31":11,"32":2,"33":19,"34":1,"35":10,"36":3,"37":10,"38":1},"f":{"0":9,"1":18,"2":9,"3":9,"4":11,"5":18,"6":18,"7":11,"8":20,"9":1,"10":2,"11":5,"12":1,"13":1,"14":13,"15":19,"16":1,"17":10},"b":{"0":[11,1],"1":[11,2],"2":[3]}}
}
