TN:
SF:src/RxStorage.ts
FN:23,(anonymous_0)
FN:28,(anonymous_1)
FN:38,(anonymous_2)
FN:39,(anonymous_3)
FN:54,(anonymous_4)
FN:63,(anonymous_5)
FN:64,(anonymous_6)
FN:68,(anonymous_7)
FN:75,(anonymous_8)
FN:79,(anonymous_9)
FN:84,(anonymous_10)
FN:89,(anonymous_11)
FN:96,(anonymous_12)
FN:101,(anonymous_13)
FN:117,(anonymous_14)
FN:131,(anonymous_15)
FN:138,(anonymous_16)
FN:149,(anonymous_17)
FNF:18
FNH:18
FNDA:9,(anonymous_0)
FNDA:18,(anonymous_1)
FNDA:9,(anonymous_2)
FNDA:9,(anonymous_3)
FNDA:11,(anonymous_4)
FNDA:18,(anonymous_5)
FNDA:18,(anonymous_6)
FNDA:11,(anonymous_7)
FNDA:20,(anonymous_8)
FNDA:1,(anonymous_9)
FNDA:2,(anonymous_10)
FNDA:5,(anonymous_11)
FNDA:1,(anonymous_12)
FNDA:1,(anonymous_13)
FNDA:13,(anonymous_14)
FNDA:19,(anonymous_15)
FNDA:1,(anonymous_16)
FNDA:10,(anonymous_17)
DA:1,1
DA:10,1
DA:11,9
DA:23,9
DA:24,9
DA:27,9
DA:28,18
DA:31,9
DA:39,9
DA:40,9
DA:55,11
DA:56,11
DA:57,11
DA:62,11
DA:63,18
DA:65,18
DA:68,11
DA:69,11
DA:76,20
DA:80,1
DA:81,1
DA:85,2
DA:86,2
DA:90,5
DA:91,5
DA:93,5
DA:97,1
DA:98,1
DA:102,1
DA:118,13
DA:119,11
DA:121,2
DA:132,19
DA:139,1
DA:150,10
DA:151,3
DA:154,10
LF:37
LH:37
BRDA:55,0,0,11
BRDA:55,0,1,1
BRDA:118,1,0,11
BRDA:118,1,1,2
BRDA:150,2,0,3
BRF:5
BRH:5
end_of_record
