TN:
SF:src/RxStorage.ts
FN:23,(anonymous_0)
FN:28,(anonymous_1)
FN:38,(anonymous_2)
FN:39,(anonymous_3)
FN:55,(anonymous_4)
FN:66,(anonymous_5)
FN:67,(anonymous_6)
FN:71,(anonymous_7)
FN:78,(anonymous_8)
FN:82,(anonymous_9)
FN:87,(anonymous_10)
FN:92,(anonymous_11)
FN:97,(anonymous_12)
FN:102,(anonymous_13)
FN:118,(anonymous_14)
FN:132,(anonymous_15)
FN:139,(anonymous_16)
FN:150,(anonymous_17)
FNF:18
FNH:18
FNDA:9,(anonymous_0)
FNDA:18,(anonymous_1)
FNDA:9,(anonymous_2)
FNDA:9,(anonymous_3)
FNDA:11,(anonymous_4)
FNDA:18,(anonymous_5)
FNDA:18,(anonymous_6)
FNDA:11,(anonymous_7)
FNDA:20,(anonymous_8)
FNDA:1,(anonymous_9)
FNDA:2,(anonymous_10)
FNDA:5,(anonymous_11)
FNDA:1,(anonymous_12)
FNDA:1,(anonymous_13)
FNDA:13,(anonymous_14)
FNDA:19,(anonymous_15)
FNDA:1,(anonymous_16)
FNDA:10,(anonymous_17)
DA:1,1
DA:10,1
DA:11,9
DA:23,9
DA:24,9
DA:27,9
DA:28,18
DA:31,9
DA:38,9
DA:39,9
DA:40,9
DA:41,9
DA:56,11
DA:57,11
DA:58,11
DA:60,11
DA:65,11
DA:66,18
DA:68,18
DA:71,11
DA:72,11
DA:79,20
DA:83,1
DA:84,1
DA:88,2
DA:89,2
DA:93,5
DA:94,5
DA:98,1
DA:99,1
DA:103,1
DA:119,13
DA:120,11
DA:122,2
DA:133,19
DA:140,1
DA:151,10
DA:152,3
DA:155,10
LF:39
LH:39
BRDA:56,0,0,11
BRDA:56,0,1,1
BRDA:119,1,0,11
BRDA:119,1,1,2
BRDA:151,2,0,3
BRF:5
BRH:5
end_of_record
